build/app/intermediates/manifest_merge_blame_file/debug/processDebugMainManifest/manifest-merger-blame-debug-report.txt
1<?xml version="1.0" encoding="utf-8"?>
2<manifest xmlns:android="http://schemas.android.com/apk/res/android"
3    package="com.example.smart_autocorrect"
4    android:versionCode="1"
5    android:versionName="1.0.0" >
6
7    <uses-sdk
8        android:minSdkVersion="23"
9        android:targetSdkVersion="34" />
10
11    <!-- Permissions for overlay and services -->
12    <uses-permission android:name="android.permission.SYSTEM_ALERT_WINDOW" />
12-->src\main\AndroidManifest.xml:4:5-78
12-->src\main\AndroidManifest.xml:4:22-75
13    <uses-permission android:name="android.permission.FOREGROUND_SERVICE" />
13-->src\main\AndroidManifest.xml:5:5-77
13-->src\main\AndroidManifest.xml:5:22-74
14    <uses-permission android:name="android.permission.WAKE_LOCK" />
14-->src\main\AndroidManifest.xml:6:5-68
14-->src\main\AndroidManifest.xml:6:22-65
15
16    <permission
16-->[androidx.core:core:1.13.1] AndroidManifest.xml:22:5-24:47
17        android:name="com.example.smart_autocorrect.DYNAMIC_RECEIVER_NOT_EXPORTED_PERMISSION"
17-->[androidx.core:core:1.13.1] AndroidManifest.xml:23:9-81
18        android:protectionLevel="signature" />
18-->[androidx.core:core:1.13.1] AndroidManifest.xml:24:9-44
19
20    <uses-permission android:name="com.example.smart_autocorrect.DYNAMIC_RECEIVER_NOT_EXPORTED_PERMISSION" />
20-->[androidx.core:core:1.13.1] AndroidManifest.xml:26:5-97
20-->[androidx.core:core:1.13.1] AndroidManifest.xml:26:22-94
21
22    <application
23        android:name="android.app.Application"
23-->src\main\AndroidManifest.xml:10:9-42
24        android:appComponentFactory="androidx.core.app.CoreComponentFactory"
24-->[androidx.core:core:1.13.1] AndroidManifest.xml:28:18-86
25        android:debuggable="true"
26        android:extractNativeLibs="false"
27        android:icon="@mipmap/ic_launcher"
27-->src\main\AndroidManifest.xml:11:9-43
28        android:label="Smart AutoCorrect" >
28-->src\main\AndroidManifest.xml:9:9-42
29
30        <!-- Main Flutter Activity -->
31        <activity
31-->src\main\AndroidManifest.xml:14:9-32:20
32            android:name="com.example.smart_autocorrect.MainActivity"
32-->src\main\AndroidManifest.xml:15:13-70
33            android:configChanges="orientation|keyboardHidden|keyboard|screenSize|smallestScreenSize|locale|layoutDirection|fontScale|screenLayout|density|uiMode"
33-->src\main\AndroidManifest.xml:20:13-163
34            android:exported="true"
34-->src\main\AndroidManifest.xml:16:13-36
35            android:hardwareAccelerated="true"
35-->src\main\AndroidManifest.xml:21:13-47
36            android:launchMode="singleTop"
36-->src\main\AndroidManifest.xml:17:13-43
37            android:taskAffinity=""
37-->src\main\AndroidManifest.xml:18:13-36
38            android:theme="@style/LaunchTheme"
38-->src\main\AndroidManifest.xml:19:13-47
39            android:windowSoftInputMode="adjustResize" >
39-->src\main\AndroidManifest.xml:22:13-55
40            <meta-data
40-->src\main\AndroidManifest.xml:24:13-26:55
41                android:name="io.flutter.embedding.android.NormalTheme"
41-->src\main\AndroidManifest.xml:25:15-70
42                android:resource="@style/NormalTheme" />
42-->src\main\AndroidManifest.xml:26:15-52
43
44            <intent-filter android:autoVerify="true" >
44-->src\main\AndroidManifest.xml:28:13-31:29
44-->src\main\AndroidManifest.xml:28:28-53
45                <action android:name="android.intent.action.MAIN" />
45-->src\main\AndroidManifest.xml:29:17-68
45-->src\main\AndroidManifest.xml:29:25-66
46
47                <category android:name="android.intent.category.LAUNCHER" />
47-->src\main\AndroidManifest.xml:30:17-76
47-->src\main\AndroidManifest.xml:30:27-74
48            </intent-filter>
49        </activity>
50
51        <!-- Accessibility Service -->
52        <service
52-->src\main\AndroidManifest.xml:35:9-45:19
53            android:name="com.example.smart_autocorrect.AutoCorrectAccessibilityService"
53-->src\main\AndroidManifest.xml:36:13-89
54            android:exported="false"
54-->src\main\AndroidManifest.xml:37:13-37
55            android:permission="android.permission.BIND_ACCESSIBILITY_SERVICE" >
55-->src\main\AndroidManifest.xml:38:13-79
56            <intent-filter>
56-->src\main\AndroidManifest.xml:39:13-41:29
57                <action android:name="android.accessibilityservice.AccessibilityService" />
57-->src\main\AndroidManifest.xml:40:17-92
57-->src\main\AndroidManifest.xml:40:25-89
58            </intent-filter>
59
60            <meta-data
60-->src\main\AndroidManifest.xml:42:13-44:72
61                android:name="android.accessibilityservice"
61-->src\main\AndroidManifest.xml:43:17-60
62                android:resource="@xml/accessibility_service_config" />
62-->src\main\AndroidManifest.xml:44:17-69
63        </service>
64
65        <!-- Overlay Service -->
66        <service
66-->src\main\AndroidManifest.xml:48:9-50:40
67            android:name="com.example.smart_autocorrect.OverlayService"
67-->src\main\AndroidManifest.xml:49:13-72
68            android:exported="false" />
68-->src\main\AndroidManifest.xml:50:13-37
69
70        <meta-data
70-->src\main\AndroidManifest.xml:52:9-54:33
71            android:name="flutterEmbedding"
71-->src\main\AndroidManifest.xml:53:13-44
72            android:value="2" />
72-->src\main\AndroidManifest.xml:54:13-30
73
74        <uses-library
74-->[androidx.window:window:1.2.0] AndroidManifest.xml:23:9-25:40
75            android:name="androidx.window.extensions"
75-->[androidx.window:window:1.2.0] AndroidManifest.xml:24:13-54
76            android:required="false" />
76-->[androidx.window:window:1.2.0] AndroidManifest.xml:25:13-37
77        <uses-library
77-->[androidx.window:window:1.2.0] AndroidManifest.xml:26:9-28:40
78            android:name="androidx.window.sidecar"
78-->[androidx.window:window:1.2.0] AndroidManifest.xml:27:13-51
79            android:required="false" />
79-->[androidx.window:window:1.2.0] AndroidManifest.xml:28:13-37
80
81        <provider
81-->[androidx.lifecycle:lifecycle-process:2.7.0] AndroidManifest.xml:24:9-32:20
82            android:name="androidx.startup.InitializationProvider"
82-->[androidx.lifecycle:lifecycle-process:2.7.0] AndroidManifest.xml:25:13-67
83            android:authorities="com.example.smart_autocorrect.androidx-startup"
83-->[androidx.lifecycle:lifecycle-process:2.7.0] AndroidManifest.xml:26:13-68
84            android:exported="false" >
84-->[androidx.lifecycle:lifecycle-process:2.7.0] AndroidManifest.xml:27:13-37
85            <meta-data
85-->[androidx.lifecycle:lifecycle-process:2.7.0] AndroidManifest.xml:29:13-31:52
86                android:name="androidx.lifecycle.ProcessLifecycleInitializer"
86-->[androidx.lifecycle:lifecycle-process:2.7.0] AndroidManifest.xml:30:17-78
87                android:value="androidx.startup" />
87-->[androidx.lifecycle:lifecycle-process:2.7.0] AndroidManifest.xml:31:17-49
88            <meta-data
88-->[androidx.profileinstaller:profileinstaller:1.3.1] AndroidManifest.xml:29:13-31:52
89                android:name="androidx.profileinstaller.ProfileInstallerInitializer"
89-->[androidx.profileinstaller:profileinstaller:1.3.1] AndroidManifest.xml:30:17-85
90                android:value="androidx.startup" />
90-->[androidx.profileinstaller:profileinstaller:1.3.1] AndroidManifest.xml:31:17-49
91        </provider>
92
93        <receiver
93-->[androidx.profileinstaller:profileinstaller:1.3.1] AndroidManifest.xml:34:9-52:20
94            android:name="androidx.profileinstaller.ProfileInstallReceiver"
94-->[androidx.profileinstaller:profileinstaller:1.3.1] AndroidManifest.xml:35:13-76
95            android:directBootAware="false"
95-->[androidx.profileinstaller:profileinstaller:1.3.1] AndroidManifest.xml:36:13-44
96            android:enabled="true"
96-->[androidx.profileinstaller:profileinstaller:1.3.1] AndroidManifest.xml:37:13-35
97            android:exported="true"
97-->[androidx.profileinstaller:profileinstaller:1.3.1] AndroidManifest.xml:38:13-36
98            android:permission="android.permission.DUMP" >
98-->[androidx.profileinstaller:profileinstaller:1.3.1] AndroidManifest.xml:39:13-57
99            <intent-filter>
99-->[androidx.profileinstaller:profileinstaller:1.3.1] AndroidManifest.xml:40:13-42:29
100                <action android:name="androidx.profileinstaller.action.INSTALL_PROFILE" />
100-->[androidx.profileinstaller:profileinstaller:1.3.1] AndroidManifest.xml:41:17-91
100-->[androidx.profileinstaller:profileinstaller:1.3.1] AndroidManifest.xml:41:25-88
101            </intent-filter>
102            <intent-filter>
102-->[androidx.profileinstaller:profileinstaller:1.3.1] AndroidManifest.xml:43:13-45:29
103                <action android:name="androidx.profileinstaller.action.SKIP_FILE" />
103-->[androidx.profileinstaller:profileinstaller:1.3.1] AndroidManifest.xml:44:17-85
103-->[androidx.profileinstaller:profileinstaller:1.3.1] AndroidManifest.xml:44:25-82
104            </intent-filter>
105            <intent-filter>
105-->[androidx.profileinstaller:profileinstaller:1.3.1] AndroidManifest.xml:46:13-48:29
106                <action android:name="androidx.profileinstaller.action.SAVE_PROFILE" />
106-->[androidx.profileinstaller:profileinstaller:1.3.1] AndroidManifest.xml:47:17-88
106-->[androidx.profileinstaller:profileinstaller:1.3.1] AndroidManifest.xml:47:25-85
107            </intent-filter>
108            <intent-filter>
108-->[androidx.profileinstaller:profileinstaller:1.3.1] AndroidManifest.xml:49:13-51:29
109                <action android:name="androidx.profileinstaller.action.BENCHMARK_OPERATION" />
109-->[androidx.profileinstaller:profileinstaller:1.3.1] AndroidManifest.xml:50:17-95
109-->[androidx.profileinstaller:profileinstaller:1.3.1] AndroidManifest.xml:50:25-92
110            </intent-filter>
111        </receiver>
112    </application>
113
114</manifest>